D> ...> ...> ...> ...> ...> ...> [duckdb-core] requesting host load for 'blast'
| Success |
+---------+
D> [duckdb-core] requesting host load for 'genome_format'
| Success |
+---------+
D> | Success |
+---------+
D> ...> ...> [wasi-fs] resolve start path='acceptance/data/NC_001416.gb' normalized='acceptance/data/NC_001416.gb'
| Success |
+---------+
D> [wasi-fs] resolve start path='acceptance/data/NC_001604.gb' normalized='acceptance/data/NC_001604.gb'
| Success |
+---------+
D> [wasi-fs] resolve start path='acceptance/data/NC_002371.gb' normalized='acceptance/data/NC_002371.gb'
| Success |
+---------+
D> ...> ...> ...> ...> ...> ...> ...> | Count |
+-------+
| 638   |
D> ...> ...> ...> ...> ...> ...> ...> ...> ...> ...> ...> ...> ...> ...> ...> ...> ...> | Count |
+-------+
| 24    |
D> ...> ...> ...> ...> ...> ...> ...> ...> ...> | Success |
+---------+
D> ...> ...> ...> ...> ...> ...> ...> | Count |
+-------+
| 40    |
D> ...> ...> ...> ...> ...> ...> ...> ...> ...> ...> ...> ...> | Count |
+-------+
| 24    |
D> ...> ...> ...> ...> ...> ...> ...> ...> ...> ...> ...> ...> ...> ...> ...> ...> ...> ...> | Count |
+-------+
D> ...> ...> ...> ...> ...> ...> ...> ...> ...> ...> ...> ...> ...> ...> ...> ...> ...> ...> ...> ...> ...> ...> ...> ...> ...> ...> ...> ...> ...> ...> ...> ...> | Count |
+-------+
D> ...> ...> ...> ...> ...> ...> ...> ...> ...> ...> ...> ...> ...> | Count |
+-------+
D> ...> === per-genome overview ===
D> ...> ...> ...> ...> ...> ...> | query_genome | query_genes | n_other_genomes | conservation_events | avg_id |
+--------------+-------------+-----------------+---------------------+--------+
| NC_001416    | 16          | 2               | 4                   | 85.23  |
| NC_001604    | 16          | 2               | 0                   | NULL   |
| NC_002371    | 16          | 2               | 4                   | 85.23  |
D> ...> === conserved genes ===
D> ...> ...> ...> ...> | query_genome | query_feature_key | query_gene | query_product         | n_conserved_in_genomes | avg_id |
+--------------+-------------------+------------+-----------------------+------------------------+--------+
| NC_001416    | NC_001416:120     | cIII       | CIII anti-termination | 1                      | 76.19  |
| NC_001416    | NC_001416:247     | NinD       | NinD protein          | 1                      | 76.36  |
| NC_001416    | NC_001416:249     | NinE       | NinE family protein   | 1                      | 95.38  |
| NC_001416    | NC_001416:251     | NinF       | protein ninF          | 1                      | 93.01  |
| NC_002371    | NC_002371:149     | ninD       | NinD                  | 1                      | 76.36  |
| NC_002371    | NC_002371:151     | ninE       | NinE                  | 1                      | 95.38  |
| NC_002371    | NC_002371:155     | ninF       | NinF                  | 1                      | 93.01  |
| NC_002371    | NC_002371:99      | c3         | CIII anti-termination | 1                      | 76.19  |
D> ...> === assertions ===
D> ...> ...> ...> ...> ...> | assertion           | status | observed |
+---------------------+--------+----------+
| ASSERT_HITS_NONZERO | OK     | 40       |
D> ...> ...> ...> ...> ...> | assertion            | status | observed |
+----------------------+--------+----------+
| ASSERT_ANY_CONSERVED | OK     | 8        |
D> ...> ...> ...> ...> ...> | assertion           | status | observed |
+---------------------+--------+----------+
| ASSERT_PCT_IN_RANGE | OK     | 0        |
D> 
