┌─────────┬──────────────────────────────────────────────────────────────────────────────────────────────────────┬─────────┬────────┬────────────┐
│  name   │                                                 path                                                 │ scalars │ tables │ aggregates │
│ varchar │                                               varchar                                                │  int64  │ int64  │   int64    │
├─────────┼──────────────────────────────────────────────────────────────────────────────────────────────────────┼─────────┼────────┼────────────┤
│ blast   │ /Users/zacharywhitley/git/synphage-ducklink/components/blast/target/wasm32-wasip2/release/blast.wasm │       0 │      2 │          0 │
└─────────┴──────────────────────────────────────────────────────────────────────────────────────────────────────┴─────────┴────────┴────────────┘
┌───────────────┬──────────────────────────────────────────────────────────────────────────────────────────────────────────────────────┬─────────┬────────┬────────────┐
│     name      │                                                         path                                                         │ scalars │ tables │ aggregates │
│    varchar    │                                                       varchar                                                        │  int64  │ int64  │   int64    │
├───────────────┼──────────────────────────────────────────────────────────────────────────────────────────────────────────────────────┼─────────┼────────┼────────────┤
│ genome_format │ /Users/zacharywhitley/git/synphage-ducklink/components/genome-format/target/wasm32-wasip2/release/genome_format.wasm │       0 │      2 │          0 │
└───────────────┴──────────────────────────────────────────────────────────────────────────────────────────────────────────────────────┴─────────┴────────┴────────────┘
=== setup ===
=== blast ===
=== per-genome overview ===
┌──────────────┬─────────────┬─────────────────┬─────────────────────┬────────┐
│ query_genome │ query_genes │ n_other_genomes │ conservation_events │ avg_id │
│   varchar    │    int64    │      int64      │        int64        │ double │
├──────────────┼─────────────┼─────────────────┼─────────────────────┼────────┤
│ NC_001416    │          16 │               2 │                   4 │  85.23 │
│ NC_001604    │          16 │               2 │                   0 │   NULL │
│ NC_002371    │          16 │               2 │                   4 │  85.23 │
└──────────────┴─────────────┴─────────────────┴─────────────────────┴────────┘
=== conserved genes ===
┌──────────────┬───────────────────┬────────────┬───────────────────────┬────────────────────────┬────────┐
│ query_genome │ query_feature_key │ query_gene │     query_product     │ n_conserved_in_genomes │ avg_id │
│   varchar    │      varchar      │  varchar   │        varchar        │         int64          │ double │
├──────────────┼───────────────────┼────────────┼───────────────────────┼────────────────────────┼────────┤
│ NC_001416    │ NC_001416:120     │ cIII       │ CIII anti-termination │                      1 │  76.19 │
│ NC_001416    │ NC_001416:247     │ NinD       │ NinD protein          │                      1 │  76.36 │
│ NC_001416    │ NC_001416:249     │ NinE       │ NinE family protein   │                      1 │  95.38 │
│ NC_001416    │ NC_001416:251     │ NinF       │ protein ninF          │                      1 │  93.01 │
│ NC_002371    │ NC_002371:149     │ ninD       │ NinD                  │                      1 │  76.36 │
│ NC_002371    │ NC_002371:151     │ ninE       │ NinE                  │                      1 │  95.38 │
│ NC_002371    │ NC_002371:155     │ ninF       │ NinF                  │                      1 │  93.01 │
│ NC_002371    │ NC_002371:99      │ c3         │ CIII anti-termination │                      1 │  76.19 │
└──────────────┴───────────────────┴────────────┴───────────────────────┴────────────────────────┴────────┘
=== assertions ===
┌─────────────────────┬─────────┬──────────┐
│      assertion      │ status  │ observed │
│       varchar       │ varchar │  int64   │
├─────────────────────┼─────────┼──────────┤
│ ASSERT_HITS_NONZERO │ OK      │       40 │
└─────────────────────┴─────────┴──────────┘
┌──────────────────────┬─────────┬──────────┐
│      assertion       │ status  │ observed │
│       varchar        │ varchar │  int128  │
├──────────────────────┼─────────┼──────────┤
│ ASSERT_ANY_CONSERVED │ OK      │        8 │
└──────────────────────┴─────────┴──────────┘
┌─────────────────────┬─────────┬──────────┐
│      assertion      │ status  │ observed │
│       varchar       │ varchar │  int64   │
├─────────────────────┼─────────┼──────────┤
│ ASSERT_PCT_IN_RANGE │ OK      │        0 │
└─────────────────────┴─────────┴──────────┘
